<?xml version="1.0" encoding="UTF-8"?>
<testng-results ignored="0" total="1" passed="1" failed="0" skipped="0">
  <reporter-output>
  </reporter-output>
  <suite started-at="2024-03-26T23:04:31 IST" name="Default suite" finished-at="2024-03-26T23:05:41 IST" duration-ms="69738">
    <groups>
    </groups>
    <test started-at="2024-03-26T23:04:31 IST" name="Default test" finished-at="2024-03-26T23:05:41 IST" duration-ms="69738">
      <class name="Testpackagefinal.Expediatest">
        <test-method is-config="true" signature="setup()[pri:0, instance:Testpackagefinal.Expediatest@750e2b97]" started-at="2024-03-26T23:04:31 IST" name="setup" finished-at="2024-03-26T23:05:38 IST" duration-ms="66776" status="PASS">
          <reporter-output>
          </reporter-output>
        </test-method> <!-- setup -->
        <test-method signature="test()[pri:0, instance:Testpackagefinal.Expediatest@750e2b97]" started-at="2024-03-26T23:05:38 IST" name="test" finished-at="2024-03-26T23:05:41 IST" duration-ms="2904" status="PASS">
          <reporter-output>
          </reporter-output>
        </test-method> <!-- test -->
        <test-method is-config="true" signature="postCondition()[pri:0, instance:Testpackagefinal.Expediatest@750e2b97]" started-at="2024-03-26T23:05:41 IST" name="postCondition" finished-at="2024-03-26T23:05:41 IST" duration-ms="1" status="PASS">
          <reporter-output>
          </reporter-output>
        </test-method> <!-- postCondition -->
      </class> <!-- Testpackagefinal.Expediatest -->
    </test> <!-- Default test -->
  </suite> <!-- Default suite -->
</testng-results>
